log4j: Parsing for [root] with value=[INFO, console].
log4j: Level token is [INFO].
log4j: Category root set to INFO
log4j: Parsing appender named "console".
log4j: Parsing layout options for "console".
log4j: Setting property [conversionPattern] to [%d{yyyy-MM-dd HH:mm:ss} %-5p %c{1} - %m%n].
log4j: End of parsing for "console".
log4j: Parsed "console" options.
log4j: Parsing for [com.simple.KafkaStreamsApp] with value=[DEBUG, console].
log4j: Level token is [DEBUG].
log4j: Category com.simple.KafkaStreamsApp set to DEBUG
log4j: Parsing appender named "console".
log4j: Appender "console" was already parsed.
log4j: Handling log4j.additivity.com.simple.KafkaStreamsApp=[false]
log4j: Setting additivity for "com.simple.KafkaStreamsApp" to false
log4j: Finished configuring.
2024-11-21 23:25:06 INFO  KafkaStreamsApp - Starting Kafka Streams App
2024-11-21 23:25:06 INFO  StreamsConfig - StreamsConfig values: 
	acceptable.recovery.lag = 10000
	application.id = kssimple
	application.server = 
	auto.include.jmx.reporter = true
	bootstrap.servers = [localhost:9092]
	buffered.records.per.partition = 1000
	built.in.metrics.version = latest
	cache.max.bytes.buffering = 10485760
	client.id = 
	commit.interval.ms = 30000
	connections.max.idle.ms = 540000
	default.client.supplier = class org.apache.kafka.streams.processor.internals.DefaultKafkaClientSupplier
	default.deserialization.exception.handler = class org.apache.kafka.streams.errors.LogAndFailExceptionHandler
	default.dsl.store = rocksDB
	default.key.serde = class org.apache.kafka.common.serialization.Serdes$StringSerde
	default.list.key.serde.inner = null
	default.list.key.serde.type = null
	default.list.value.serde.inner = null
	default.list.value.serde.type = null
	default.production.exception.handler = class org.apache.kafka.streams.errors.DefaultProductionExceptionHandler
	default.timestamp.extractor = class org.apache.kafka.streams.processor.FailOnInvalidTimestamp
	default.value.serde = class org.apache.kafka.common.serialization.Serdes$StringSerde
	dsl.store.suppliers.class = class org.apache.kafka.streams.state.BuiltInDslStoreSuppliers$RocksDBDslStoreSuppliers
	enable.metrics.push = true
	max.task.idle.ms = 0
	max.warmup.replicas = 2
	metadata.max.age.ms = 300000
	metric.reporters = []
	metrics.num.samples = 2
	metrics.recording.level = INFO
	metrics.sample.window.ms = 30000
	num.standby.replicas = 0
	num.stream.threads = 1
	poll.ms = 100
	probing.rebalance.interval.ms = 600000
	processing.guarantee = at_least_once
	rack.aware.assignment.non_overlap_cost = null
	rack.aware.assignment.strategy = none
	rack.aware.assignment.tags = []
	rack.aware.assignment.traffic_cost = null
	receive.buffer.bytes = 32768
	reconnect.backoff.max.ms = 1000
	reconnect.backoff.ms = 50
	repartition.purge.interval.ms = 30000
	replication.factor = -1
	request.timeout.ms = 40000
	retries = 0
	retry.backoff.ms = 100
	rocksdb.config.setter = null
	security.protocol = PLAINTEXT
	send.buffer.bytes = 131072
	state.cleanup.delay.ms = 600000
	state.dir = /var/folders/sd/g41l219s22z0k511mp1tmlnc0000gp/T//kafka-streams
	statestore.cache.max.bytes = 10485760
	task.timeout.ms = 300000
	topology.optimization = none
	upgrade.from = null
	window.size.ms = null
	windowed.inner.class.serde = null
	windowstore.changelog.additional.retention.ms = 86400000

2024-11-21 23:25:06 INFO  AdminClientConfig - AdminClientConfig values: 
	auto.include.jmx.reporter = true
	bootstrap.controllers = []
	bootstrap.servers = [localhost:9092]
	client.dns.lookup = use_all_dns_ips
	client.id = kssimple-8e8df026-9b8d-4ad4-8e1e-b7932233e62d-admin
	connections.max.idle.ms = 300000
	default.api.timeout.ms = 60000
	enable.metrics.push = true
	metadata.max.age.ms = 300000
	metric.reporters = []
	metrics.num.samples = 2
	metrics.recording.level = INFO
	metrics.sample.window.ms = 30000
	receive.buffer.bytes = 65536
	reconnect.backoff.max.ms = 1000
	reconnect.backoff.ms = 50
	request.timeout.ms = 30000
	retries = 2147483647
	retry.backoff.max.ms = 1000
	retry.backoff.ms = 100
	sasl.client.callback.handler.class = null
	sasl.jaas.config = null
	sasl.kerberos.kinit.cmd = /usr/bin/kinit
	sasl.kerberos.min.time.before.relogin = 60000
	sasl.kerberos.service.name = null
	sasl.kerberos.ticket.renew.jitter = 0.05
	sasl.kerberos.ticket.renew.window.factor = 0.8
	sasl.login.callback.handler.class = null
	sasl.login.class = null
	sasl.login.connect.timeout.ms = null
	sasl.login.read.timeout.ms = null
	sasl.login.refresh.buffer.seconds = 300
	sasl.login.refresh.min.period.seconds = 60
	sasl.login.refresh.window.factor = 0.8
	sasl.login.refresh.window.jitter = 0.05
	sasl.login.retry.backoff.max.ms = 10000
	sasl.login.retry.backoff.ms = 100
	sasl.mechanism = GSSAPI
	sasl.oauthbearer.clock.skew.seconds = 30
	sasl.oauthbearer.expected.audience = null
	sasl.oauthbearer.expected.issuer = null
	sasl.oauthbearer.jwks.endpoint.refresh.ms = 3600000
	sasl.oauthbearer.jwks.endpoint.retry.backoff.max.ms = 10000
	sasl.oauthbearer.jwks.endpoint.retry.backoff.ms = 100
	sasl.oauthbearer.jwks.endpoint.url = null
	sasl.oauthbearer.scope.claim.name = scope
	sasl.oauthbearer.sub.claim.name = sub
	sasl.oauthbearer.token.endpoint.url = null
	security.protocol = PLAINTEXT
	security.providers = null
	send.buffer.bytes = 131072
	socket.connection.setup.timeout.max.ms = 30000
	socket.connection.setup.timeout.ms = 10000
	ssl.cipher.suites = null
	ssl.enabled.protocols = [TLSv1.2, TLSv1.3]
	ssl.endpoint.identification.algorithm = https
	ssl.engine.factory.class = null
	ssl.key.password = null
	ssl.keymanager.algorithm = SunX509
	ssl.keystore.certificate.chain = null
	ssl.keystore.key = null
	ssl.keystore.location = null
	ssl.keystore.password = null
	ssl.keystore.type = JKS
	ssl.protocol = TLSv1.3
	ssl.provider = null
	ssl.secure.random.implementation = null
	ssl.trustmanager.algorithm = PKIX
	ssl.truststore.certificates = null
	ssl.truststore.location = null
	ssl.truststore.password = null
	ssl.truststore.type = JKS

2024-11-21 23:25:06 INFO  AppInfoParser - Kafka version: 3.7.0
2024-11-21 23:25:06 INFO  AppInfoParser - Kafka commitId: 2ae524ed625438c5
2024-11-21 23:25:06 INFO  AppInfoParser - Kafka startTimeMs: 1732227906492
2024-11-21 23:25:06 INFO  KafkaStreams - stream-client [kssimple-8e8df026-9b8d-4ad4-8e1e-b7932233e62d] Kafka Streams version: 3.7.0
2024-11-21 23:25:06 INFO  KafkaStreams - stream-client [kssimple-8e8df026-9b8d-4ad4-8e1e-b7932233e62d] Kafka Streams commit ID: 2ae524ed625438c5
2024-11-21 23:25:06 INFO  StreamThread - stream-thread [kssimple-8e8df026-9b8d-4ad4-8e1e-b7932233e62d-StreamThread-1] Creating restore consumer client
2024-11-21 23:25:06 INFO  ConsumerConfig - ConsumerConfig values: 
	allow.auto.create.topics = true
	auto.commit.interval.ms = 5000
	auto.include.jmx.reporter = true
	auto.offset.reset = none
	bootstrap.servers = [localhost:9092]
	check.crcs = true
	client.dns.lookup = use_all_dns_ips
	client.id = kssimple-8e8df026-9b8d-4ad4-8e1e-b7932233e62d-StreamThread-1-restore-consumer
	client.rack = 
	connections.max.idle.ms = 540000
	default.api.timeout.ms = 60000
	enable.auto.commit = false
	enable.metrics.push = true
	exclude.internal.topics = true
	fetch.max.bytes = 52428800
	fetch.max.wait.ms = 500
	fetch.min.bytes = 1
	group.id = null
	group.instance.id = null
	group.protocol = classic
	group.remote.assignor = null
	heartbeat.interval.ms = 3000
	interceptor.classes = []
	internal.leave.group.on.close = false
	internal.throw.on.fetch.stable.offset.unsupported = false
	isolation.level = read_uncommitted
	key.deserializer = class org.apache.kafka.common.serialization.ByteArrayDeserializer
	max.partition.fetch.bytes = 1048576
	max.poll.interval.ms = 300000
	max.poll.records = 1000
	metadata.max.age.ms = 300000
	metric.reporters = []
	metrics.num.samples = 2
	metrics.recording.level = INFO
	metrics.sample.window.ms = 30000
	partition.assignment.strategy = [class org.apache.kafka.clients.consumer.RangeAssignor, class org.apache.kafka.clients.consumer.CooperativeStickyAssignor]
	receive.buffer.bytes = 65536
	reconnect.backoff.max.ms = 1000
	reconnect.backoff.ms = 50
	request.timeout.ms = 30000
	retry.backoff.max.ms = 1000
	retry.backoff.ms = 100
	sasl.client.callback.handler.class = null
	sasl.jaas.config = null
	sasl.kerberos.kinit.cmd = /usr/bin/kinit
	sasl.kerberos.min.time.before.relogin = 60000
	sasl.kerberos.service.name = null
	sasl.kerberos.ticket.renew.jitter = 0.05
	sasl.kerberos.ticket.renew.window.factor = 0.8
	sasl.login.callback.handler.class = null
	sasl.login.class = null
	sasl.login.connect.timeout.ms = null
	sasl.login.read.timeout.ms = null
	sasl.login.refresh.buffer.seconds = 300
	sasl.login.refresh.min.period.seconds = 60
	sasl.login.refresh.window.factor = 0.8
	sasl.login.refresh.window.jitter = 0.05
	sasl.login.retry.backoff.max.ms = 10000
	sasl.login.retry.backoff.ms = 100
	sasl.mechanism = GSSAPI
	sasl.oauthbearer.clock.skew.seconds = 30
	sasl.oauthbearer.expected.audience = null
	sasl.oauthbearer.expected.issuer = null
	sasl.oauthbearer.jwks.endpoint.refresh.ms = 3600000
	sasl.oauthbearer.jwks.endpoint.retry.backoff.max.ms = 10000
	sasl.oauthbearer.jwks.endpoint.retry.backoff.ms = 100
	sasl.oauthbearer.jwks.endpoint.url = null
	sasl.oauthbearer.scope.claim.name = scope
	sasl.oauthbearer.sub.claim.name = sub
	sasl.oauthbearer.token.endpoint.url = null
	security.protocol = PLAINTEXT
	security.providers = null
	send.buffer.bytes = 131072
	session.timeout.ms = 45000
	socket.connection.setup.timeout.max.ms = 30000
	socket.connection.setup.timeout.ms = 10000
	ssl.cipher.suites = null
	ssl.enabled.protocols = [TLSv1.2, TLSv1.3]
	ssl.endpoint.identification.algorithm = https
	ssl.engine.factory.class = null
	ssl.key.password = null
	ssl.keymanager.algorithm = SunX509
	ssl.keystore.certificate.chain = null
	ssl.keystore.key = null
	ssl.keystore.location = null
	ssl.keystore.password = null
	ssl.keystore.type = JKS
	ssl.protocol = TLSv1.3
	ssl.provider = null
	ssl.secure.random.implementation = null
	ssl.trustmanager.algorithm = PKIX
	ssl.truststore.certificates = null
	ssl.truststore.location = null
	ssl.truststore.password = null
	ssl.truststore.type = JKS
	value.deserializer = class org.apache.kafka.common.serialization.ByteArrayDeserializer

2024-11-21 23:25:06 INFO  KafkaMetricsCollector - initializing Kafka metrics collector
2024-11-21 23:25:06 INFO  AppInfoParser - Kafka version: 3.7.0
2024-11-21 23:25:06 INFO  AppInfoParser - Kafka commitId: 2ae524ed625438c5
2024-11-21 23:25:06 INFO  AppInfoParser - Kafka startTimeMs: 1732227906539
2024-11-21 23:25:06 INFO  StreamThread - stream-thread [kssimple-8e8df026-9b8d-4ad4-8e1e-b7932233e62d-StreamThread-1] Creating thread producer client
2024-11-21 23:25:06 INFO  ProducerConfig - ProducerConfig values: 
	acks = -1
	auto.include.jmx.reporter = true
	batch.size = 16384
	bootstrap.servers = [localhost:9092]
	buffer.memory = 33554432
	client.dns.lookup = use_all_dns_ips
	client.id = kssimple-8e8df026-9b8d-4ad4-8e1e-b7932233e62d-StreamThread-1-producer
	compression.type = none
	connections.max.idle.ms = 540000
	delivery.timeout.ms = 120000
	enable.idempotence = true
	enable.metrics.push = true
	interceptor.classes = []
	key.serializer = class org.apache.kafka.common.serialization.ByteArraySerializer
	linger.ms = 100
	max.block.ms = 60000
	max.in.flight.requests.per.connection = 5
	max.request.size = 1048576
	metadata.max.age.ms = 300000
	metadata.max.idle.ms = 300000
	metric.reporters = []
	metrics.num.samples = 2
	metrics.recording.level = INFO
	metrics.sample.window.ms = 30000
	partitioner.adaptive.partitioning.enable = true
	partitioner.availability.timeout.ms = 0
	partitioner.class = null
	partitioner.ignore.keys = false
	receive.buffer.bytes = 32768
	reconnect.backoff.max.ms = 1000
	reconnect.backoff.ms = 50
	request.timeout.ms = 30000
	retries = 2147483647
	retry.backoff.max.ms = 1000
	retry.backoff.ms = 100
	sasl.client.callback.handler.class = null
	sasl.jaas.config = null
	sasl.kerberos.kinit.cmd = /usr/bin/kinit
	sasl.kerberos.min.time.before.relogin = 60000
	sasl.kerberos.service.name = null
	sasl.kerberos.ticket.renew.jitter = 0.05
	sasl.kerberos.ticket.renew.window.factor = 0.8
	sasl.login.callback.handler.class = null
	sasl.login.class = null
	sasl.login.connect.timeout.ms = null
	sasl.login.read.timeout.ms = null
	sasl.login.refresh.buffer.seconds = 300
	sasl.login.refresh.min.period.seconds = 60
	sasl.login.refresh.window.factor = 0.8
	sasl.login.refresh.window.jitter = 0.05
	sasl.login.retry.backoff.max.ms = 10000
	sasl.login.retry.backoff.ms = 100
	sasl.mechanism = GSSAPI
	sasl.oauthbearer.clock.skew.seconds = 30
	sasl.oauthbearer.expected.audience = null
	sasl.oauthbearer.expected.issuer = null
	sasl.oauthbearer.jwks.endpoint.refresh.ms = 3600000
	sasl.oauthbearer.jwks.endpoint.retry.backoff.max.ms = 10000
	sasl.oauthbearer.jwks.endpoint.retry.backoff.ms = 100
	sasl.oauthbearer.jwks.endpoint.url = null
	sasl.oauthbearer.scope.claim.name = scope
	sasl.oauthbearer.sub.claim.name = sub
	sasl.oauthbearer.token.endpoint.url = null
	security.protocol = PLAINTEXT
	security.providers = null
	send.buffer.bytes = 131072
	socket.connection.setup.timeout.max.ms = 30000
	socket.connection.setup.timeout.ms = 10000
	ssl.cipher.suites = null
	ssl.enabled.protocols = [TLSv1.2, TLSv1.3]
	ssl.endpoint.identification.algorithm = https
	ssl.engine.factory.class = null
	ssl.key.password = null
	ssl.keymanager.algorithm = SunX509
	ssl.keystore.certificate.chain = null
	ssl.keystore.key = null
	ssl.keystore.location = null
	ssl.keystore.password = null
	ssl.keystore.type = JKS
	ssl.protocol = TLSv1.3
	ssl.provider = null
	ssl.secure.random.implementation = null
	ssl.trustmanager.algorithm = PKIX
	ssl.truststore.certificates = null
	ssl.truststore.location = null
	ssl.truststore.password = null
	ssl.truststore.type = JKS
	transaction.timeout.ms = 60000
	transactional.id = null
	value.serializer = class org.apache.kafka.common.serialization.ByteArraySerializer

2024-11-21 23:25:06 INFO  KafkaMetricsCollector - initializing Kafka metrics collector
2024-11-21 23:25:06 INFO  KafkaProducer - [Producer clientId=kssimple-8e8df026-9b8d-4ad4-8e1e-b7932233e62d-StreamThread-1-producer] Instantiated an idempotent producer.
2024-11-21 23:25:06 INFO  AppInfoParser - Kafka version: 3.7.0
2024-11-21 23:25:06 INFO  AppInfoParser - Kafka commitId: 2ae524ed625438c5
2024-11-21 23:25:06 INFO  AppInfoParser - Kafka startTimeMs: 1732227906557
2024-11-21 23:25:06 INFO  StreamThread - stream-thread [kssimple-8e8df026-9b8d-4ad4-8e1e-b7932233e62d-StreamThread-1] Creating consumer client
2024-11-21 23:25:06 INFO  ConsumerConfig - ConsumerConfig values: 
	allow.auto.create.topics = false
	auto.commit.interval.ms = 5000
	auto.include.jmx.reporter = true
	auto.offset.reset = earliest
	bootstrap.servers = [localhost:9092]
	check.crcs = true
	client.dns.lookup = use_all_dns_ips
	client.id = kssimple-8e8df026-9b8d-4ad4-8e1e-b7932233e62d-StreamThread-1-consumer
	client.rack = 
	connections.max.idle.ms = 540000
	default.api.timeout.ms = 60000
	enable.auto.commit = false
	enable.metrics.push = true
	exclude.internal.topics = true
	fetch.max.bytes = 52428800
	fetch.max.wait.ms = 500
	fetch.min.bytes = 1
	group.id = kssimple
	group.instance.id = null
	group.protocol = classic
	group.remote.assignor = null
	heartbeat.interval.ms = 3000
	interceptor.classes = []
	internal.leave.group.on.close = false
	internal.throw.on.fetch.stable.offset.unsupported = false
	isolation.level = read_uncommitted
	key.deserializer = class org.apache.kafka.common.serialization.ByteArrayDeserializer
	max.partition.fetch.bytes = 1048576
	max.poll.interval.ms = 300000
	max.poll.records = 1000
	metadata.max.age.ms = 300000
	metric.reporters = []
	metrics.num.samples = 2
	metrics.recording.level = INFO
	metrics.sample.window.ms = 30000
	partition.assignment.strategy = [org.apache.kafka.streams.processor.internals.StreamsPartitionAssignor]
	receive.buffer.bytes = 65536
	reconnect.backoff.max.ms = 1000
	reconnect.backoff.ms = 50
	request.timeout.ms = 30000
	retry.backoff.max.ms = 1000
	retry.backoff.ms = 100
	sasl.client.callback.handler.class = null
	sasl.jaas.config = null
	sasl.kerberos.kinit.cmd = /usr/bin/kinit
	sasl.kerberos.min.time.before.relogin = 60000
	sasl.kerberos.service.name = null
	sasl.kerberos.ticket.renew.jitter = 0.05
	sasl.kerberos.ticket.renew.window.factor = 0.8
	sasl.login.callback.handler.class = null
	sasl.login.class = null
	sasl.login.connect.timeout.ms = null
	sasl.login.read.timeout.ms = null
	sasl.login.refresh.buffer.seconds = 300
	sasl.login.refresh.min.period.seconds = 60
	sasl.login.refresh.window.factor = 0.8
	sasl.login.refresh.window.jitter = 0.05
	sasl.login.retry.backoff.max.ms = 10000
	sasl.login.retry.backoff.ms = 100
	sasl.mechanism = GSSAPI
	sasl.oauthbearer.clock.skew.seconds = 30
	sasl.oauthbearer.expected.audience = null
	sasl.oauthbearer.expected.issuer = null
	sasl.oauthbearer.jwks.endpoint.refresh.ms = 3600000
	sasl.oauthbearer.jwks.endpoint.retry.backoff.max.ms = 10000
	sasl.oauthbearer.jwks.endpoint.retry.backoff.ms = 100
	sasl.oauthbearer.jwks.endpoint.url = null
	sasl.oauthbearer.scope.claim.name = scope
	sasl.oauthbearer.sub.claim.name = sub
	sasl.oauthbearer.token.endpoint.url = null
	security.protocol = PLAINTEXT
	security.providers = null
	send.buffer.bytes = 131072
	session.timeout.ms = 45000
	socket.connection.setup.timeout.max.ms = 30000
	socket.connection.setup.timeout.ms = 10000
	ssl.cipher.suites = null
	ssl.enabled.protocols = [TLSv1.2, TLSv1.3]
	ssl.endpoint.identification.algorithm = https
	ssl.engine.factory.class = null
	ssl.key.password = null
	ssl.keymanager.algorithm = SunX509
	ssl.keystore.certificate.chain = null
	ssl.keystore.key = null
	ssl.keystore.location = null
	ssl.keystore.password = null
	ssl.keystore.type = JKS
	ssl.protocol = TLSv1.3
	ssl.provider = null
	ssl.secure.random.implementation = null
	ssl.trustmanager.algorithm = PKIX
	ssl.truststore.certificates = null
	ssl.truststore.location = null
	ssl.truststore.password = null
	ssl.truststore.type = JKS
	value.deserializer = class org.apache.kafka.common.serialization.ByteArrayDeserializer

2024-11-21 23:25:06 INFO  KafkaMetricsCollector - initializing Kafka metrics collector
2024-11-21 23:25:06 INFO  AssignorConfiguration - stream-thread [kssimple-8e8df026-9b8d-4ad4-8e1e-b7932233e62d-StreamThread-1-consumer] Cooperative rebalancing protocol is enabled now
2024-11-21 23:25:06 INFO  AppInfoParser - Kafka version: 3.7.0
2024-11-21 23:25:06 INFO  AppInfoParser - Kafka commitId: 2ae524ed625438c5
2024-11-21 23:25:06 INFO  AppInfoParser - Kafka startTimeMs: 1732227906575
2024-11-21 23:25:06 INFO  KafkaStreams - stream-client [kssimple-8e8df026-9b8d-4ad4-8e1e-b7932233e62d] State transition from CREATED to REBALANCING
2024-11-21 23:25:06 INFO  KafkaStreams - stream-client [kssimple-8e8df026-9b8d-4ad4-8e1e-b7932233e62d] Started 1 stream threads
2024-11-21 23:25:06 INFO  StreamThread - stream-thread [kssimple-8e8df026-9b8d-4ad4-8e1e-b7932233e62d-StreamThread-1] Starting
2024-11-21 23:25:06 INFO  StreamThread - stream-thread [kssimple-8e8df026-9b8d-4ad4-8e1e-b7932233e62d-StreamThread-1] State transition from CREATED to STARTING
2024-11-21 23:25:06 INFO  LegacyKafkaConsumer - [Consumer clientId=kssimple-8e8df026-9b8d-4ad4-8e1e-b7932233e62d-StreamThread-1-consumer, groupId=kssimple] Subscribed to topic(s): topicinput
2024-11-21 23:25:06 INFO  Metadata - [Producer clientId=kssimple-8e8df026-9b8d-4ad4-8e1e-b7932233e62d-StreamThread-1-producer] Cluster ID: QTnB2tAgTWa1ec5wYon2jg
2024-11-21 23:25:06 INFO  TransactionManager - [Producer clientId=kssimple-8e8df026-9b8d-4ad4-8e1e-b7932233e62d-StreamThread-1-producer] ProducerId set to 131 with epoch 0
2024-11-21 23:25:06 INFO  Metadata - [Consumer clientId=kssimple-8e8df026-9b8d-4ad4-8e1e-b7932233e62d-StreamThread-1-consumer, groupId=kssimple] Cluster ID: QTnB2tAgTWa1ec5wYon2jg
2024-11-21 23:25:06 INFO  ConsumerCoordinator - [Consumer clientId=kssimple-8e8df026-9b8d-4ad4-8e1e-b7932233e62d-StreamThread-1-consumer, groupId=kssimple] Discovered group coordinator broker:9092 (id: 2147483646 rack: null)
2024-11-21 23:25:06 INFO  ConsumerCoordinator - [Consumer clientId=kssimple-8e8df026-9b8d-4ad4-8e1e-b7932233e62d-StreamThread-1-consumer, groupId=kssimple] (Re-)joining group
2024-11-21 23:25:06 INFO  ConsumerCoordinator - [Consumer clientId=kssimple-8e8df026-9b8d-4ad4-8e1e-b7932233e62d-StreamThread-1-consumer, groupId=kssimple] Request joining group due to: need to re-join with the given member-id: kssimple-8e8df026-9b8d-4ad4-8e1e-b7932233e62d-StreamThread-1-consumer-ab7f68b7-661b-459f-b8f1-cee149c63f41
2024-11-21 23:25:06 INFO  ConsumerCoordinator - [Consumer clientId=kssimple-8e8df026-9b8d-4ad4-8e1e-b7932233e62d-StreamThread-1-consumer, groupId=kssimple] (Re-)joining group
2024-11-21 23:25:06 INFO  StreamThread - stream-thread [kssimple-8e8df026-9b8d-4ad4-8e1e-b7932233e62d-StreamThread-1] Processed 0 total records, ran 0 punctuators, and committed 0 total tasks since the last update
2024-11-21 23:25:35 INFO  ConsumerCoordinator - [Consumer clientId=kssimple-8e8df026-9b8d-4ad4-8e1e-b7932233e62d-StreamThread-1-consumer, groupId=kssimple] Successfully joined group with generation Generation{generationId=40, memberId='kssimple-8e8df026-9b8d-4ad4-8e1e-b7932233e62d-StreamThread-1-consumer-ab7f68b7-661b-459f-b8f1-cee149c63f41', protocol='stream'}
2024-11-21 23:25:35 INFO  ConsumerCoordinator - [Consumer clientId=kssimple-8e8df026-9b8d-4ad4-8e1e-b7932233e62d-StreamThread-1-consumer, groupId=kssimple] Successfully synced group in generation Generation{generationId=40, memberId='kssimple-8e8df026-9b8d-4ad4-8e1e-b7932233e62d-StreamThread-1-consumer-ab7f68b7-661b-459f-b8f1-cee149c63f41', protocol='stream'}
2024-11-21 23:25:35 INFO  ConsumerCoordinator - [Consumer clientId=kssimple-8e8df026-9b8d-4ad4-8e1e-b7932233e62d-StreamThread-1-consumer, groupId=kssimple] Updating assignment with
	Assigned partitions:                       []
	Current owned partitions:                  []
	Added partitions (assigned - owned):       []
	Revoked partitions (owned - assigned):     []

2024-11-21 23:25:35 INFO  ConsumerCoordinator - [Consumer clientId=kssimple-8e8df026-9b8d-4ad4-8e1e-b7932233e62d-StreamThread-1-consumer, groupId=kssimple] Notifying assignor about the new Assignment(partitions=[], userDataSize=40)
2024-11-21 23:25:35 INFO  StreamsPartitionAssignor - stream-thread [kssimple-8e8df026-9b8d-4ad4-8e1e-b7932233e62d-StreamThread-1-consumer] Requested to schedule immediate rebalance for new tasks to be safely revoked from current owner.
2024-11-21 23:25:35 INFO  TaskManager - stream-thread [kssimple-8e8df026-9b8d-4ad4-8e1e-b7932233e62d-StreamThread-1] Handle new assignment with:
	New active tasks: []
	New standby tasks: []
	Existing active tasks: []
	Existing standby tasks: []
2024-11-21 23:25:35 INFO  ConsumerRebalanceListenerInvoker - [Consumer clientId=kssimple-8e8df026-9b8d-4ad4-8e1e-b7932233e62d-StreamThread-1-consumer, groupId=kssimple] Adding newly assigned partitions: 
2024-11-21 23:25:35 INFO  StreamThread - stream-thread [kssimple-8e8df026-9b8d-4ad4-8e1e-b7932233e62d-StreamThread-1] State transition from STARTING to PARTITIONS_ASSIGNED
2024-11-21 23:25:35 INFO  StreamThread - stream-thread [kssimple-8e8df026-9b8d-4ad4-8e1e-b7932233e62d-StreamThread-1] Restoration took 15 ms for all active tasks []
2024-11-21 23:25:35 INFO  StreamThread - stream-thread [kssimple-8e8df026-9b8d-4ad4-8e1e-b7932233e62d-StreamThread-1] State transition from PARTITIONS_ASSIGNED to RUNNING
2024-11-21 23:25:35 INFO  KafkaStreams - stream-client [kssimple-8e8df026-9b8d-4ad4-8e1e-b7932233e62d] State transition from REBALANCING to RUNNING
2024-11-21 23:25:35 INFO  StreamThread - stream-thread [kssimple-8e8df026-9b8d-4ad4-8e1e-b7932233e62d-StreamThread-1] Triggering the followup rebalance scheduled for 1970-01-01 01:00:00,000 +01:00.
2024-11-21 23:25:35 INFO  ConsumerCoordinator - [Consumer clientId=kssimple-8e8df026-9b8d-4ad4-8e1e-b7932233e62d-StreamThread-1-consumer, groupId=kssimple] Request joining group due to: triggered followup rebalance scheduled for 0
2024-11-21 23:25:35 INFO  ConsumerCoordinator - [Consumer clientId=kssimple-8e8df026-9b8d-4ad4-8e1e-b7932233e62d-StreamThread-1-consumer, groupId=kssimple] (Re-)joining group
2024-11-21 23:25:35 INFO  ConsumerCoordinator - [Consumer clientId=kssimple-8e8df026-9b8d-4ad4-8e1e-b7932233e62d-StreamThread-1-consumer, groupId=kssimple] Successfully joined group with generation Generation{generationId=41, memberId='kssimple-8e8df026-9b8d-4ad4-8e1e-b7932233e62d-StreamThread-1-consumer-ab7f68b7-661b-459f-b8f1-cee149c63f41', protocol='stream'}
2024-11-21 23:25:35 INFO  ConsumerCoordinator - [Consumer clientId=kssimple-8e8df026-9b8d-4ad4-8e1e-b7932233e62d-StreamThread-1-consumer, groupId=kssimple] Successfully synced group in generation Generation{generationId=41, memberId='kssimple-8e8df026-9b8d-4ad4-8e1e-b7932233e62d-StreamThread-1-consumer-ab7f68b7-661b-459f-b8f1-cee149c63f41', protocol='stream'}
2024-11-21 23:25:35 INFO  ConsumerCoordinator - [Consumer clientId=kssimple-8e8df026-9b8d-4ad4-8e1e-b7932233e62d-StreamThread-1-consumer, groupId=kssimple] Updating assignment with
	Assigned partitions:                       [topicinput-0]
	Current owned partitions:                  []
	Added partitions (assigned - owned):       [topicinput-0]
	Revoked partitions (owned - assigned):     []

2024-11-21 23:25:35 INFO  ConsumerCoordinator - [Consumer clientId=kssimple-8e8df026-9b8d-4ad4-8e1e-b7932233e62d-StreamThread-1-consumer, groupId=kssimple] Notifying assignor about the new Assignment(partitions=[topicinput-0], userDataSize=52)
2024-11-21 23:25:35 INFO  StreamsPartitionAssignor - stream-thread [kssimple-8e8df026-9b8d-4ad4-8e1e-b7932233e62d-StreamThread-1-consumer] No followup rebalance was requested, resetting the rebalance schedule.
2024-11-21 23:25:35 INFO  TaskManager - stream-thread [kssimple-8e8df026-9b8d-4ad4-8e1e-b7932233e62d-StreamThread-1] Handle new assignment with:
	New active tasks: [0_0]
	New standby tasks: []
	Existing active tasks: []
	Existing standby tasks: []
2024-11-21 23:25:35 INFO  ConsumerRebalanceListenerInvoker - [Consumer clientId=kssimple-8e8df026-9b8d-4ad4-8e1e-b7932233e62d-StreamThread-1-consumer, groupId=kssimple] Adding newly assigned partitions: topicinput-0
2024-11-21 23:25:35 INFO  StreamThread - stream-thread [kssimple-8e8df026-9b8d-4ad4-8e1e-b7932233e62d-StreamThread-1] State transition from RUNNING to PARTITIONS_ASSIGNED
2024-11-21 23:25:35 INFO  KafkaStreams - stream-client [kssimple-8e8df026-9b8d-4ad4-8e1e-b7932233e62d] State transition from RUNNING to REBALANCING
2024-11-21 23:25:35 INFO  ConsumerUtils - Setting offset for partition topicinput-0 to the committed offset FetchPosition{offset=24, offsetEpoch=Optional.empty, currentLeader=LeaderAndEpoch{leader=Optional[broker:9092 (id: 1 rack: null)], epoch=0}}
2024-11-21 23:25:36 INFO  StreamTask - stream-thread [kssimple-8e8df026-9b8d-4ad4-8e1e-b7932233e62d-StreamThread-1] task [0_0] Initialized
2024-11-21 23:25:36 INFO  StreamTask - stream-thread [kssimple-8e8df026-9b8d-4ad4-8e1e-b7932233e62d-StreamThread-1] task [0_0] Restored and ready to run
2024-11-21 23:25:36 INFO  StreamThread - stream-thread [kssimple-8e8df026-9b8d-4ad4-8e1e-b7932233e62d-StreamThread-1] Restoration took 86 ms for all active tasks [0_0]
2024-11-21 23:25:36 INFO  StreamThread - stream-thread [kssimple-8e8df026-9b8d-4ad4-8e1e-b7932233e62d-StreamThread-1] State transition from PARTITIONS_ASSIGNED to RUNNING
2024-11-21 23:25:36 INFO  KafkaStreams - stream-client [kssimple-8e8df026-9b8d-4ad4-8e1e-b7932233e62d] State transition from REBALANCING to RUNNING
2024-11-21 23:25:36 INFO  LegacyKafkaConsumer - [Consumer clientId=kssimple-8e8df026-9b8d-4ad4-8e1e-b7932233e62d-StreamThread-1-consumer, groupId=kssimple] Requesting the log end offset for topicinput-0 in order to compute lag
2024-11-21 23:26:20 INFO  ConsumerCoordinator - [Consumer clientId=kssimple-8e8df026-9b8d-4ad4-8e1e-b7932233e62d-StreamThread-1-consumer, groupId=kssimple] Request joining group due to: group is already rebalancing
2024-11-21 23:26:20 INFO  ConsumerCoordinator - [Consumer clientId=kssimple-8e8df026-9b8d-4ad4-8e1e-b7932233e62d-StreamThread-1-consumer, groupId=kssimple] (Re-)joining group
2024-11-21 23:26:20 INFO  ConsumerCoordinator - [Consumer clientId=kssimple-8e8df026-9b8d-4ad4-8e1e-b7932233e62d-StreamThread-1-consumer, groupId=kssimple] Successfully joined group with generation Generation{generationId=42, memberId='kssimple-8e8df026-9b8d-4ad4-8e1e-b7932233e62d-StreamThread-1-consumer-ab7f68b7-661b-459f-b8f1-cee149c63f41', protocol='stream'}
2024-11-21 23:26:20 INFO  RepartitionTopics - stream-thread [kssimple-8e8df026-9b8d-4ad4-8e1e-b7932233e62d-StreamThread-1-consumer] Skipping the repartition topic validation since there are no repartition topics.
2024-11-21 23:26:20 INFO  StreamsPartitionAssignor - stream-thread [kssimple-8e8df026-9b8d-4ad4-8e1e-b7932233e62d-StreamThread-1-consumer] 1 client nodes and Optional[1] consumers participating in this rebalance: 
8e8df026-9b8d-4ad4-8e1e-b7932233e62d: [kssimple-8e8df026-9b8d-4ad4-8e1e-b7932233e62d-StreamThread-1-consumer-ab7f68b7-661b-459f-b8f1-cee149c63f41].
2024-11-21 23:26:20 INFO  StreamsPartitionAssignor - stream-thread [kssimple-8e8df026-9b8d-4ad4-8e1e-b7932233e62d-StreamThread-1-consumer] Assigning stateful tasks: []
and stateless tasks: [0_0]
2024-11-21 23:26:20 INFO  HighAvailabilityTaskAssignor - Decided on assignment: {8e8df026-9b8d-4ad4-8e1e-b7932233e62d=[activeTasks: ([0_0]) standbyTasks: ([]) prevActiveTasks: ([0_0]) prevStandbyTasks: ([]) changelogOffsetTotalsByTask: ([]) taskLagTotals: ([]) clientTags: ([]) capacity: 1 assigned: 1]} with no followup probing rebalance.
2024-11-21 23:26:20 INFO  StreamsPartitionAssignor - stream-thread [kssimple-8e8df026-9b8d-4ad4-8e1e-b7932233e62d-StreamThread-1-consumer] Assigned 1 total tasks including 0 stateful tasks to 1 client nodes.
2024-11-21 23:26:20 INFO  StreamsPartitionAssignor - stream-thread [kssimple-8e8df026-9b8d-4ad4-8e1e-b7932233e62d-StreamThread-1-consumer] Assignment of tasks to nodes: 8e8df026-9b8d-4ad4-8e1e-b7932233e62d=[activeTasks: ([0_0]) standbyTasks: ([])]
2024-11-21 23:26:20 INFO  StreamsPartitionAssignor - stream-thread [kssimple-8e8df026-9b8d-4ad4-8e1e-b7932233e62d-StreamThread-1-consumer] Client 8e8df026-9b8d-4ad4-8e1e-b7932233e62d per-consumer assignment:
	prev owned active {kssimple-8e8df026-9b8d-4ad4-8e1e-b7932233e62d-StreamThread-1-consumer-ab7f68b7-661b-459f-b8f1-cee149c63f41=[0_0]}
	prev owned standby {kssimple-8e8df026-9b8d-4ad4-8e1e-b7932233e62d-StreamThread-1-consumer-ab7f68b7-661b-459f-b8f1-cee149c63f41=[]}
	assigned active {kssimple-8e8df026-9b8d-4ad4-8e1e-b7932233e62d-StreamThread-1-consumer-ab7f68b7-661b-459f-b8f1-cee149c63f41=[0_0]}
	revoking active {}
	assigned standby {}

2024-11-21 23:26:20 INFO  StreamsPartitionAssignor - stream-thread [kssimple-8e8df026-9b8d-4ad4-8e1e-b7932233e62d-StreamThread-1-consumer] Finished stable assignment of tasks, no followup rebalances required.
2024-11-21 23:26:20 INFO  ConsumerCoordinator - [Consumer clientId=kssimple-8e8df026-9b8d-4ad4-8e1e-b7932233e62d-StreamThread-1-consumer, groupId=kssimple] Finished assignment for group at generation 42: {kssimple-8e8df026-9b8d-4ad4-8e1e-b7932233e62d-StreamThread-1-consumer-ab7f68b7-661b-459f-b8f1-cee149c63f41=Assignment(partitions=[topicinput-0], userDataSize=52)}
2024-11-21 23:26:20 INFO  ConsumerCoordinator - [Consumer clientId=kssimple-8e8df026-9b8d-4ad4-8e1e-b7932233e62d-StreamThread-1-consumer, groupId=kssimple] Successfully synced group in generation Generation{generationId=42, memberId='kssimple-8e8df026-9b8d-4ad4-8e1e-b7932233e62d-StreamThread-1-consumer-ab7f68b7-661b-459f-b8f1-cee149c63f41', protocol='stream'}
2024-11-21 23:26:20 INFO  ConsumerCoordinator - [Consumer clientId=kssimple-8e8df026-9b8d-4ad4-8e1e-b7932233e62d-StreamThread-1-consumer, groupId=kssimple] Updating assignment with
	Assigned partitions:                       [topicinput-0]
	Current owned partitions:                  [topicinput-0]
	Added partitions (assigned - owned):       []
	Revoked partitions (owned - assigned):     []

2024-11-21 23:26:20 INFO  ConsumerCoordinator - [Consumer clientId=kssimple-8e8df026-9b8d-4ad4-8e1e-b7932233e62d-StreamThread-1-consumer, groupId=kssimple] Notifying assignor about the new Assignment(partitions=[topicinput-0], userDataSize=52)
2024-11-21 23:26:20 INFO  StreamsPartitionAssignor - stream-thread [kssimple-8e8df026-9b8d-4ad4-8e1e-b7932233e62d-StreamThread-1-consumer] No followup rebalance was requested, resetting the rebalance schedule.
2024-11-21 23:26:20 INFO  TaskManager - stream-thread [kssimple-8e8df026-9b8d-4ad4-8e1e-b7932233e62d-StreamThread-1] Handle new assignment with:
	New active tasks: [0_0]
	New standby tasks: []
	Existing active tasks: [0_0]
	Existing standby tasks: []
2024-11-21 23:26:20 INFO  ConsumerRebalanceListenerInvoker - [Consumer clientId=kssimple-8e8df026-9b8d-4ad4-8e1e-b7932233e62d-StreamThread-1-consumer, groupId=kssimple] Adding newly assigned partitions: 
2024-11-21 23:26:20 INFO  StreamThread - stream-thread [kssimple-8e8df026-9b8d-4ad4-8e1e-b7932233e62d-StreamThread-1] State transition from RUNNING to PARTITIONS_ASSIGNED
2024-11-21 23:26:20 INFO  KafkaStreams - stream-client [kssimple-8e8df026-9b8d-4ad4-8e1e-b7932233e62d] State transition from RUNNING to REBALANCING
2024-11-21 23:26:20 INFO  StreamThread - stream-thread [kssimple-8e8df026-9b8d-4ad4-8e1e-b7932233e62d-StreamThread-1] Restoration took 15 ms for all active tasks [0_0]
2024-11-21 23:26:20 INFO  StreamThread - stream-thread [kssimple-8e8df026-9b8d-4ad4-8e1e-b7932233e62d-StreamThread-1] State transition from PARTITIONS_ASSIGNED to RUNNING
2024-11-21 23:26:20 INFO  KafkaStreams - stream-client [kssimple-8e8df026-9b8d-4ad4-8e1e-b7932233e62d] State transition from REBALANCING to RUNNING
2024-11-21 23:27:06 INFO  StreamThread - stream-thread [kssimple-8e8df026-9b8d-4ad4-8e1e-b7932233e62d-StreamThread-1] Processed 0 total records, ran 0 punctuators, and committed 0 total tasks since the last update
2024-11-21 23:29:06 INFO  StreamThread - stream-thread [kssimple-8e8df026-9b8d-4ad4-8e1e-b7932233e62d-StreamThread-1] Processed 0 total records, ran 0 punctuators, and committed 0 total tasks since the last update
2024-11-21 23:30:06 INFO  NetworkClient - [AdminClient clientId=kssimple-8e8df026-9b8d-4ad4-8e1e-b7932233e62d-admin] Node -1 disconnected.
2024-11-21 23:31:06 INFO  StreamThread - stream-thread [kssimple-8e8df026-9b8d-4ad4-8e1e-b7932233e62d-StreamThread-1] Processed 0 total records, ran 0 punctuators, and committed 0 total tasks since the last update
2024-11-21 23:33:06 INFO  StreamThread - stream-thread [kssimple-8e8df026-9b8d-4ad4-8e1e-b7932233e62d-StreamThread-1] Processed 0 total records, ran 0 punctuators, and committed 0 total tasks since the last update
2024-11-21 23:34:06 INFO  NetworkClient - [Producer clientId=kssimple-8e8df026-9b8d-4ad4-8e1e-b7932233e62d-StreamThread-1-producer] Node -1 disconnected.
2024-11-21 23:34:06 INFO  NetworkClient - [Consumer clientId=kssimple-8e8df026-9b8d-4ad4-8e1e-b7932233e62d-StreamThread-1-consumer, groupId=kssimple] Node -1 disconnected.
2024-11-21 23:35:06 INFO  NetworkClient - [AdminClient clientId=kssimple-8e8df026-9b8d-4ad4-8e1e-b7932233e62d-admin] Node 1 disconnected.
2024-11-21 23:35:06 INFO  StreamThread - stream-thread [kssimple-8e8df026-9b8d-4ad4-8e1e-b7932233e62d-StreamThread-1] Processed 0 total records, ran 0 punctuators, and committed 0 total tasks since the last update
2024-11-21 23:37:06 INFO  StreamThread - stream-thread [kssimple-8e8df026-9b8d-4ad4-8e1e-b7932233e62d-StreamThread-1] Processed 0 total records, ran 0 punctuators, and committed 0 total tasks since the last update
2024-11-21 23:39:06 INFO  StreamThread - stream-thread [kssimple-8e8df026-9b8d-4ad4-8e1e-b7932233e62d-StreamThread-1] Processed 0 total records, ran 0 punctuators, and committed 0 total tasks since the last update
2024-11-21 23:40:06 INFO  NetworkClient - [AdminClient clientId=kssimple-8e8df026-9b8d-4ad4-8e1e-b7932233e62d-admin] Node 1 disconnected.
2024-11-21 23:41:07 INFO  StreamThread - stream-thread [kssimple-8e8df026-9b8d-4ad4-8e1e-b7932233e62d-StreamThread-1] Processed 0 total records, ran 0 punctuators, and committed 0 total tasks since the last update
2024-11-21 23:43:07 INFO  StreamThread - stream-thread [kssimple-8e8df026-9b8d-4ad4-8e1e-b7932233e62d-StreamThread-1] Processed 0 total records, ran 0 punctuators, and committed 0 total tasks since the last update
2024-11-21 23:44:06 INFO  NetworkClient - [Producer clientId=kssimple-8e8df026-9b8d-4ad4-8e1e-b7932233e62d-StreamThread-1-producer] Node -1 disconnected.
2024-11-21 23:44:06 INFO  NetworkClient - [Consumer clientId=kssimple-8e8df026-9b8d-4ad4-8e1e-b7932233e62d-StreamThread-1-consumer, groupId=kssimple] Node -1 disconnected.
2024-11-21 23:45:07 INFO  NetworkClient - [AdminClient clientId=kssimple-8e8df026-9b8d-4ad4-8e1e-b7932233e62d-admin] Node 1 disconnected.
2024-11-21 23:45:07 INFO  StreamThread - stream-thread [kssimple-8e8df026-9b8d-4ad4-8e1e-b7932233e62d-StreamThread-1] Processed 0 total records, ran 0 punctuators, and committed 0 total tasks since the last update
2024-11-21 23:47:07 INFO  StreamThread - stream-thread [kssimple-8e8df026-9b8d-4ad4-8e1e-b7932233e62d-StreamThread-1] Processed 0 total records, ran 0 punctuators, and committed 0 total tasks since the last update
2024-11-21 23:49:07 INFO  StreamThread - stream-thread [kssimple-8e8df026-9b8d-4ad4-8e1e-b7932233e62d-StreamThread-1] Processed 0 total records, ran 0 punctuators, and committed 0 total tasks since the last update
2024-11-21 23:50:07 INFO  NetworkClient - [AdminClient clientId=kssimple-8e8df026-9b8d-4ad4-8e1e-b7932233e62d-admin] Node 1 disconnected.
2024-11-21 23:51:07 INFO  StreamThread - stream-thread [kssimple-8e8df026-9b8d-4ad4-8e1e-b7932233e62d-StreamThread-1] Processed 0 total records, ran 0 punctuators, and committed 0 total tasks since the last update
2024-11-21 23:53:07 INFO  StreamThread - stream-thread [kssimple-8e8df026-9b8d-4ad4-8e1e-b7932233e62d-StreamThread-1] Processed 0 total records, ran 0 punctuators, and committed 0 total tasks since the last update
2024-11-21 23:55:07 INFO  NetworkClient - [AdminClient clientId=kssimple-8e8df026-9b8d-4ad4-8e1e-b7932233e62d-admin] Node 1 disconnected.
2024-11-21 23:55:07 INFO  StreamThread - stream-thread [kssimple-8e8df026-9b8d-4ad4-8e1e-b7932233e62d-StreamThread-1] Processed 0 total records, ran 0 punctuators, and committed 0 total tasks since the last update
2024-11-21 23:57:07 INFO  StreamThread - stream-thread [kssimple-8e8df026-9b8d-4ad4-8e1e-b7932233e62d-StreamThread-1] Processed 0 total records, ran 0 punctuators, and committed 0 total tasks since the last update
2024-11-21 23:59:07 INFO  StreamThread - stream-thread [kssimple-8e8df026-9b8d-4ad4-8e1e-b7932233e62d-StreamThread-1] Processed 0 total records, ran 0 punctuators, and committed 0 total tasks since the last update
2024-11-22 00:00:07 INFO  NetworkClient - [AdminClient clientId=kssimple-8e8df026-9b8d-4ad4-8e1e-b7932233e62d-admin] Node 1 disconnected.
2024-11-22 00:01:07 INFO  StreamThread - stream-thread [kssimple-8e8df026-9b8d-4ad4-8e1e-b7932233e62d-StreamThread-1] Processed 0 total records, ran 0 punctuators, and committed 0 total tasks since the last update
2024-11-22 00:03:07 INFO  StreamThread - stream-thread [kssimple-8e8df026-9b8d-4ad4-8e1e-b7932233e62d-StreamThread-1] Processed 0 total records, ran 0 punctuators, and committed 0 total tasks since the last update
2024-11-22 00:05:07 INFO  StreamThread - stream-thread [kssimple-8e8df026-9b8d-4ad4-8e1e-b7932233e62d-StreamThread-1] Processed 0 total records, ran 0 punctuators, and committed 0 total tasks since the last update
2024-11-22 00:05:07 INFO  NetworkClient - [AdminClient clientId=kssimple-8e8df026-9b8d-4ad4-8e1e-b7932233e62d-admin] Node 1 disconnected.
2024-11-22 00:07:07 INFO  StreamThread - stream-thread [kssimple-8e8df026-9b8d-4ad4-8e1e-b7932233e62d-StreamThread-1] Processed 0 total records, ran 0 punctuators, and committed 0 total tasks since the last update
2024-11-22 00:07:43 INFO  KafkaStreams - stream-client [kssimple-8e8df026-9b8d-4ad4-8e1e-b7932233e62d] State transition from RUNNING to PENDING_SHUTDOWN
2024-11-22 00:07:43 INFO  StreamThread - stream-thread [kssimple-8e8df026-9b8d-4ad4-8e1e-b7932233e62d-StreamThread-1] Informed to shut down
2024-11-22 00:07:43 INFO  StreamThread - stream-thread [kssimple-8e8df026-9b8d-4ad4-8e1e-b7932233e62d-StreamThread-1] State transition from RUNNING to PENDING_SHUTDOWN
2024-11-22 00:07:43 INFO  KafkaStreams - stream-client [kssimple-8e8df026-9b8d-4ad4-8e1e-b7932233e62d] Shutting down 1 stream threads
2024-11-22 00:07:43 INFO  StreamThread - stream-thread [kssimple-8e8df026-9b8d-4ad4-8e1e-b7932233e62d-StreamThread-1] Shutting down clean
2024-11-22 00:07:43 INFO  StreamTask - stream-thread [kssimple-8e8df026-9b8d-4ad4-8e1e-b7932233e62d-StreamThread-1] task [0_0] Suspended from RUNNING
2024-11-22 00:07:43 INFO  RecordCollectorImpl - stream-thread [kssimple-8e8df026-9b8d-4ad4-8e1e-b7932233e62d-StreamThread-1] stream-task [0_0] Closing record collector clean
2024-11-22 00:07:43 INFO  StreamTask - stream-thread [kssimple-8e8df026-9b8d-4ad4-8e1e-b7932233e62d-StreamThread-1] task [0_0] Closed clean
2024-11-22 00:07:43 INFO  KafkaProducer - [Producer clientId=kssimple-8e8df026-9b8d-4ad4-8e1e-b7932233e62d-StreamThread-1-producer] Closing the Kafka producer with timeoutMillis = 9223372036854775807 ms.
2024-11-22 00:07:43 INFO  Metrics - Metrics scheduler closed
2024-11-22 00:07:43 INFO  Metrics - Closing reporter org.apache.kafka.common.metrics.JmxReporter
2024-11-22 00:07:43 INFO  Metrics - Closing reporter org.apache.kafka.common.telemetry.internals.ClientTelemetryReporter
2024-11-22 00:07:43 INFO  Metrics - Metrics reporters closed
2024-11-22 00:07:43 INFO  AppInfoParser - App info kafka.producer for kssimple-8e8df026-9b8d-4ad4-8e1e-b7932233e62d-StreamThread-1-producer unregistered
2024-11-22 00:07:43 INFO  TaskManager - stream-thread [kssimple-8e8df026-9b8d-4ad4-8e1e-b7932233e62d-StreamThread-1] Shutdown complete
2024-11-22 00:07:43 INFO  LegacyKafkaConsumer - [Consumer clientId=kssimple-8e8df026-9b8d-4ad4-8e1e-b7932233e62d-StreamThread-1-restore-consumer, groupId=null] Unsubscribed all topics or patterns and assigned partitions
2024-11-22 00:07:43 INFO  Metrics - Metrics scheduler closed
2024-11-22 00:07:43 INFO  Metrics - Closing reporter org.apache.kafka.common.metrics.JmxReporter
2024-11-22 00:07:43 INFO  Metrics - Closing reporter org.apache.kafka.common.telemetry.internals.ClientTelemetryReporter
2024-11-22 00:07:43 INFO  Metrics - Metrics reporters closed
2024-11-22 00:07:43 INFO  AppInfoParser - App info kafka.consumer for kssimple-8e8df026-9b8d-4ad4-8e1e-b7932233e62d-StreamThread-1-consumer unregistered
2024-11-22 00:07:43 INFO  Metrics - Metrics scheduler closed
2024-11-22 00:07:43 INFO  Metrics - Closing reporter org.apache.kafka.common.metrics.JmxReporter
2024-11-22 00:07:43 INFO  Metrics - Closing reporter org.apache.kafka.common.telemetry.internals.ClientTelemetryReporter
2024-11-22 00:07:43 INFO  Metrics - Metrics reporters closed
2024-11-22 00:07:43 INFO  AppInfoParser - App info kafka.consumer for kssimple-8e8df026-9b8d-4ad4-8e1e-b7932233e62d-StreamThread-1-restore-consumer unregistered
2024-11-22 00:07:43 INFO  StreamThread - stream-thread [kssimple-8e8df026-9b8d-4ad4-8e1e-b7932233e62d-StreamThread-1] State transition from PENDING_SHUTDOWN to DEAD
2024-11-22 00:07:43 INFO  StreamThread - stream-thread [kssimple-8e8df026-9b8d-4ad4-8e1e-b7932233e62d-StreamThread-1] Shutdown complete
2024-11-22 00:07:43 INFO  KafkaStreams - stream-client [kssimple-8e8df026-9b8d-4ad4-8e1e-b7932233e62d] Shutdown 1 stream threads complete
2024-11-22 00:07:43 INFO  AppInfoParser - App info kafka.admin.client for kssimple-8e8df026-9b8d-4ad4-8e1e-b7932233e62d-admin unregistered
2024-11-22 00:07:43 INFO  Metrics - Metrics scheduler closed
2024-11-22 00:07:43 INFO  Metrics - Closing reporter org.apache.kafka.common.metrics.JmxReporter
2024-11-22 00:07:43 INFO  Metrics - Metrics reporters closed
2024-11-22 00:07:43 INFO  Metrics - Metrics scheduler closed
2024-11-22 00:07:43 INFO  Metrics - Closing reporter org.apache.kafka.common.metrics.JmxReporter
2024-11-22 00:07:43 INFO  Metrics - Metrics reporters closed
2024-11-22 00:07:43 INFO  KafkaStreams - stream-client [kssimple-8e8df026-9b8d-4ad4-8e1e-b7932233e62d] State transition from PENDING_SHUTDOWN to NOT_RUNNING
2024-11-22 00:07:43 INFO  KafkaStreams - stream-client [kssimple-8e8df026-9b8d-4ad4-8e1e-b7932233e62d] Streams client stopped completely
